2023-12-01 11:06:01 [main] DEBUG org.jload.runner.ClassScanner - Running in : /Users/liusiqi/Java-based-testing-tool
2023-12-01 11:06:01 [main] INFO  org.jload.runner.ClassScanner - Found User class: [MyUser, MyUser2]
2023-12-01 11:06:01 [main] DEBUG org.jload.runner.Env - User class org.jload.MyUser defined
2023-12-01 11:06:01 [main] DEBUG org.jload.runner.Env - User class org.jload.MyUser2 defined
2023-12-01 11:06:01 [main] DEBUG org.jload.runner.ClassScanner - Running in : /Users/liusiqi/Java-based-testing-tool
2023-12-01 11:06:01 [main] INFO  org.jload.runner.ClassScanner - Found LoadTestShape class: [CustomShape]
2023-12-01 11:06:01 [main] INFO  org.jload.output.CsvOutput - Request CSV file created successfully with headers.
2023-12-01 11:06:01 [main] INFO  org.jload.output.CsvOutput - HTML CSV file created successfully with headers.
2023-12-01 11:06:01 [main] INFO  org.jload.runner.Env - Instance of org.jload.CustomShape created: org.jload.CustomShape@4310d43
2023-12-01 11:06:01 [pool-2-thread-1] INFO  org.jload.runner.Runner - Requests: 0 Fails: 0 RPS: 0 AvgResponseTime: 0 FailRatio: 0
2023-12-01 11:06:01 [pool-2-thread-1] DEBUG org.jload.runner.Runner - Active Users: [Test Duration: 4]
2023-12-01 11:06:01 [pool-2-thread-1] DEBUG org.jload.runner.Runner - Shapes: [ShapeTuple{userCls='MyUser', clsTotalNum=2, spawnRate=1}]
2023-12-01 11:06:01 [pool-2-thread-1] INFO  org.jload.runner.Runner - Instance of org.jload.MyUser created: org.jload.MyUser@7196603a
2023-12-01 11:06:01 [] DEBUG org.jload.user.User - User Running: org.jload.MyUser
2023-12-01 11:06:02 [pool-2-thread-1] INFO  org.jload.runner.Runner - Requests: 235 Fails: 0 RPS: 0 AvgResponseTime: 3.27 FailRatio: 0
2023-12-01 11:06:02 [pool-2-thread-1] DEBUG org.jload.runner.Runner - Active Users: [Test Duration: 1004, MyUser currentRunning: 1]
2023-12-01 11:06:02 [pool-2-thread-1] DEBUG org.jload.runner.Runner - Shapes: [ShapeTuple{userCls='MyUser', clsTotalNum=2, spawnRate=1}]
2023-12-01 11:06:02 [pool-2-thread-1] INFO  org.jload.runner.Runner - Instance of org.jload.MyUser created: org.jload.MyUser@48b05130
2023-12-01 11:06:02 [] DEBUG org.jload.user.User - User Running: org.jload.MyUser
2023-12-01 11:06:03 [pool-2-thread-1] INFO  org.jload.runner.Runner - Requests: 1012 Fails: 0 RPS: 1002.97 AvgResponseTime: 2.41 FailRatio: 0
2023-12-01 11:06:03 [pool-2-thread-1] DEBUG org.jload.runner.Runner - Active Users: [Test Duration: 2003, MyUser currentRunning: 2]
2023-12-01 11:06:03 [pool-2-thread-1] DEBUG org.jload.runner.Runner - Shapes: [ShapeTuple{userCls='MyUser', clsTotalNum=2, spawnRate=1}]
2023-12-01 11:06:04 [pool-2-thread-1] INFO  org.jload.runner.Runner - Requests: 2621 Fails: 0 RPS: 1304.63 AvgResponseTime: 1.57 FailRatio: 0
2023-12-01 11:06:04 [pool-2-thread-1] DEBUG org.jload.runner.Runner - Active Users: [Test Duration: 3004, MyUser currentRunning: 2]
2023-12-01 11:06:04 [pool-2-thread-1] DEBUG org.jload.runner.Runner - Shapes: [ShapeTuple{userCls='MyUser', clsTotalNum=2, spawnRate=1}]
2023-12-01 11:06:05 [pool-2-thread-1] INFO  org.jload.runner.Runner - Requests: 4315 Fails: 0 RPS: 1434.03 AvgResponseTime: 1.35 FailRatio: 0
2023-12-01 11:06:05 [pool-2-thread-1] DEBUG org.jload.runner.Runner - Active Users: [Test Duration: 4005, MyUser currentRunning: 2]
2023-12-01 11:06:05 [pool-2-thread-1] DEBUG org.jload.runner.Runner - Shapes: [ShapeTuple{userCls='MyUser', clsTotalNum=0, spawnRate=1}]
2023-12-01 11:06:05 [] DEBUG org.jload.user.User - User Ended: org.jload.MyUser
2023-12-01 11:06:06 [pool-2-thread-1] INFO  org.jload.runner.Runner - Requests: 5583 Fails: 0 RPS: 1392.62 AvgResponseTime: 1.19 FailRatio: 0
2023-12-01 11:06:06 [pool-2-thread-1] DEBUG org.jload.runner.Runner - Active Users: [Test Duration: 5009, MyUser currentRunning: 1]
2023-12-01 11:06:06 [pool-2-thread-1] DEBUG org.jload.runner.Runner - Shapes: [ShapeTuple{userCls='MyUser', clsTotalNum=0, spawnRate=1}]
2023-12-01 11:06:06 [] DEBUG org.jload.user.User - User Ended: org.jload.MyUser
2023-12-01 11:06:07 [pool-2-thread-1] INFO  org.jload.runner.Runner - Requests: 5585 Fails: 0 RPS: 1114.99 AvgResponseTime: 1.19 FailRatio: 0
2023-12-01 11:06:07 [pool-2-thread-1] DEBUG org.jload.runner.Runner - Active Users: [Test Duration: 6006]
2023-12-01 11:06:07 [pool-2-thread-1] DEBUG org.jload.runner.Runner - Shapes: [ShapeTuple{userCls='MyUser', clsTotalNum=0, spawnRate=1}]
2023-12-01 11:06:08 [pool-2-thread-1] INFO  org.jload.runner.Runner - Requests: 5585 Fails: 0 RPS: 928.98 AvgResponseTime: 1.19 FailRatio: 0
2023-12-01 11:06:08 [pool-2-thread-1] DEBUG org.jload.runner.Runner - Active Users: [Test Duration: 7006]
2023-12-01 11:06:08 [main] INFO  org.jload.runner.Runner - The testing END
2023-12-01 11:06:13 [main] INFO  org.jload.runner.Env - Generating html File
